This is pdfTeX, Version 3.14159265-2.6-1.40.17 (MiKTeX 2.9.6210 64-bit) (preloaded format=pdflatex 2017.4.7)  15 APR 2017 19:11
entering extended mode
**./Algo1Macros.tex
(Algo1Macros.tex
LaTeX2e <2017/01/01> patch level 1
Babel <3.9r> and hyphenation patterns for 75 language(s) loaded.

! LaTeX Error: \usepackage before \documentclass.

See the LaTeX manual or LaTeX Companion for explanation.
Type  H <return>  for immediate help.
 ...                                              
                                                  
l.1 \usepackage{
                ifthen}
\usepackage may only appear in the document preamble, i.e.,
between \documentclass and \begin{document}.


! LaTeX Error: \usepackage before \documentclass.

See the LaTeX manual or LaTeX Companion for explanation.
Type  H <return>  for immediate help.
 ...                                              
                                                  
l.2 \usepackage{
                amssymb}
\usepackage may only appear in the document preamble, i.e.,
between \documentclass and \begin{document}.


! LaTeX Error: \usepackage before \documentclass.

See the LaTeX manual or LaTeX Companion for explanation.
Type  H <return>  for immediate help.
 ...                                              
                                                  
l.3 \usepackage{
                multicol}
\usepackage may only appear in the document preamble, i.e.,
between \documentclass and \begin{document}.


! LaTeX Error: \usepackage before \documentclass.

See the LaTeX manual or LaTeX Companion for explanation.
Type  H <return>  for immediate help.
 ...                                              
                                                  
l.4 \usepackage{
                graphicx}
\usepackage may only appear in the document preamble, i.e.,
between \documentclass and \begin{document}.


! LaTeX Error: \usepackage before \documentclass.

See the LaTeX manual or LaTeX Companion for explanation.
Type  H <return>  for immediate help.
 ...                                              
                                                  
l.5 \usepackage[absolute]{
                          textpos}
\usepackage may only appear in the document preamble, i.e.,
between \documentclass and \begin{document}.


! LaTeX Error: \usepackage before \documentclass.

See the LaTeX manual or LaTeX Companion for explanation.
Type  H <return>  for immediate help.
 ...                                              
                                                  
l.7 \usepackage[noload]{
                        qtree}
\usepackage may only appear in the document preamble, i.e.,
between \documentclass and \begin{document}.


! LaTeX Error: \usepackage before \documentclass.

See the LaTeX manual or LaTeX Companion for explanation.
Type  H <return>  for immediate help.
 ...                                              
                                                  
l.9 \usepackage{
                xspace,rotating,dsfont,ifthen}
\usepackage may only appear in the document preamble, i.e.,
between \documentclass and \begin{document}.


! LaTeX Error: \usepackage before \documentclass.

See the LaTeX manual or LaTeX Companion for explanation.
Type  H <return>  for immediate help.
 ...                                              
                                                  
l.10 \usepackage[spanish,activeacute]{
                                      babel}
\usepackage may only appear in the document preamble, i.e.,
between \documentclass and \begin{document}.


! LaTeX Error: \usepackage before \documentclass.

See the LaTeX manual or LaTeX Companion for explanation.
Type  H <return>  for immediate help.
 ...                                              
                                                  
l.11 \usepackage[utf8]{
                       inputenc}
\usepackage may only appear in the document preamble, i.e.,
between \documentclass and \begin{document}.


! LaTeX Error: \usepackage before \documentclass.

See the LaTeX manual or LaTeX Companion for explanation.
Type  H <return>  for immediate help.
 ...                                              
                                                  
l.12 \usepackage{
                 pgfpages}
\usepackage may only appear in the document preamble, i.e.,
between \documentclass and \begin{document}.


! LaTeX Error: \usepackage before \documentclass.

See the LaTeX manual or LaTeX Companion for explanation.
Type  H <return>  for immediate help.
 ...                                              
                                                  
l.13 \usepackage{
                 pgf,pgfarrows,pgfnodes,pgfautomata,pgfheaps,xspace,dsfont}
\usepackage may only appear in the document preamble, i.e.,
between \documentclass and \begin{document}.


! LaTeX Error: \usepackage before \documentclass.

See the LaTeX manual or LaTeX Companion for explanation.
Type  H <return>  for immediate help.
 ...                                              
                                                  
l.14 \usepackage{
                 listings}
\usepackage may only appear in the document preamble, i.e.,
between \documentclass and \begin{document}.


! LaTeX Error: \usepackage before \documentclass.

See the LaTeX manual or LaTeX Companion for explanation.
Type  H <return>  for immediate help.
 ...                                              
                                                  
l.15 \usepackage{
                 multicol}
\usepackage may only appear in the document preamble, i.e.,
between \documentclass and \begin{document}.


! LaTeX Error: \usepackage before \documentclass.

See the LaTeX manual or LaTeX Companion for explanation.
Type  H <return>  for immediate help.
 ...                                              
                                                  
l.33 }
      
\usepackage may only appear in the document preamble, i.e.,
between \documentclass and \begin{document}.


! LaTeX Error: \usepackage before \documentclass.

See the LaTeX manual or LaTeX Companion for explanation.
Type  H <return>  for immediate help.
 ...                                              
                                                  
l.33 }
      
\usepackage may only appear in the document preamble, i.e.,
between \documentclass and \begin{document}.

\c@exercise=\count79
! Undefined control sequence.
l.205 \lstnewenvironment
                        {code}{
The control sequence at the end of the top line
of your error message was never \def'ed. If you have
misspelled it (e.g., `\hobx'), type `I' and the correct
spelling (e.g., `I\hbox'). Otherwise just continue,
and I'll forget about whatever was undefined.


! LaTeX Error: Missing \begin{document}.

See the LaTeX manual or LaTeX Companion for explanation.
Type  H <return>  for immediate help.
 ...                                              
                                                  
l.205 \lstnewenvironment{c
                          ode}{
You're in trouble here.  Try typing  <return>  to proceed.
If that doesn't work, type  X <return>  to quit.

Missing character: There is no c in font nullfont!
Missing character: There is no o in font nullfont!
Missing character: There is no d in font nullfont!
Missing character: There is no e in font nullfont!
! Undefined control sequence.
l.206     \lstset
                 {% general command to set parameter(s)
The control sequence at the end of the top line
of your error message was never \def'ed. If you have
misspelled it (e.g., `\hobx'), type `I' and the correct
spelling (e.g., `I\hbox'). Otherwise just continue,
and I'll forget about whatever was undefined.

Missing character: There is no l in font nullfont!
Missing character: There is no a in font nullfont!
Missing character: There is no n in font nullfont!
Missing character: There is no g in font nullfont!
Missing character: There is no u in font nullfont!
Missing character: There is no a in font nullfont!
Missing character: There is no g in font nullfont!
Missing character: There is no e in font nullfont!
Missing character: There is no = in font nullfont!
Missing character: There is no C in font nullfont!
Missing character: There is no + in font nullfont!
Missing character: There is no + in font nullfont!
Missing character: There is no , in font nullfont!
Missing character: There is no b in font nullfont!
Missing character: There is no a in font nullfont!
Missing character: There is no s in font nullfont!
Missing character: There is no i in font nullfont!
Missing character: There is no c in font nullfont!
Missing character: There is no s in font nullfont!
Missing character: There is no t in font nullfont!
Missing character: There is no y in font nullfont!
Missing character: There is no l in font nullfont!
Missing character: There is no e in font nullfont!
Missing character: There is no = in font nullfont!
! Undefined control sequence.
l.207         language=C++, basicstyle=\small
                                             \ttfamily, keywordstyle=\slshape,
The control sequence at the end of the top line
of your error message was never \def'ed. If you have
misspelled it (e.g., `\hobx'), type `I' and the correct
spelling (e.g., `I\hbox'). Otherwise just continue,
and I'll forget about whatever was undefined.


LaTeX Font Warning: Font shape `OT1/cmss/bx/sl' undefined
(Font)              using `OT1/cmss/bx/n' instead on input line 208.

! Undefined control sequence.
l.213         numbers=left, numberstyle=\tiny
                                             , stepnumber=1, numbersep=9pt,
The control sequence at the end of the top line
of your error message was never \def'ed. If you have
misspelled it (e.g., `\hobx'), type `I' and the correct
spelling (e.g., `I\hbox'). Otherwise just continue,
and I'll forget about whatever was undefined.


Overfull \hbox (20.0pt too wide) in paragraph at lines 205--218
[]
 []


Overfull \hbox (5.24995pt too wide) in paragraph at lines 205--218
\OT1/cmtt/m/n/10 ,
 []


Overfull \hbox (73.49936pt too wide) in paragraph at lines 205--218
\OT1/cmtt/m/n/10 keywordstyle=\OT1/cmtt/m/sl/10 ,
 []


Overfull \hbox (89.24922pt too wide) in paragraph at lines 205--218
\OT1/cmtt/m/sl/10 emph=[1]tipo,usa,
 []


Overfull \hbox (73.49936pt too wide) in paragraph at lines 205--218
\OT1/cmtt/m/sl/10 emphstyle=[1],
 []


Overfull \hbox (152.24867pt too wide) in paragraph at lines 205--218
\OT1/cmtt/m/sl/10 morekeywords=tint,forn,forsn,
 []


Overfull \hbox (125.9989pt too wide) in paragraph at lines 205--218
\OT1/cmtt/m/sl/10 basewidth=0.47em,0.40em,
 []


Overfull \hbox (73.49936pt too wide) in paragraph at lines 205--218
\OT1/cmtt/m/sl/10 columns=fixed,
 []


Overfull \hbox (57.7495pt too wide) in paragraph at lines 205--218
\OT1/cmtt/m/sl/10 fontadjust,
 []


Overfull \hbox (68.2494pt too wide) in paragraph at lines 205--218
\OT1/cmtt/m/sl/10 resetmargins,
 []


Overfull \hbox (89.24922pt too wide) in paragraph at lines 205--218
\OT1/cmtt/m/sl/10 xrightmargin=5pt,
 []


Overfull \hbox (89.24922pt too wide) in paragraph at lines 205--218
\OT1/cmtt/m/sl/10 xleftmargin=15pt,
 []


Overfull \hbox (115.499pt too wide) in paragraph at lines 205--218
\OT1/cmtt/m/sl/10 flexiblecolumns=false,
 []


Overfull \hbox (52.49954pt too wide) in paragraph at lines 205--218
\OT1/cmtt/m/sl/10 tabsize=2,
 []


Overfull \hbox (57.7495pt too wide) in paragraph at lines 205--218
\OT1/cmtt/m/sl/10 breaklines,
 []


Overfull \hbox (125.9989pt too wide) in paragraph at lines 205--218
\OT1/cmtt/m/sl/10 breakatwhitespace=false,
 []


Overfull \hbox (99.74913pt too wide) in paragraph at lines 205--218
\OT1/cmtt/m/sl/10 extendedchars=true,
 []


Overfull \hbox (68.2494pt too wide) in paragraph at lines 205--218
\OT1/cmtt/m/sl/10 numbers=left,
 []


Overfull \hbox (68.2494pt too wide) in paragraph at lines 205--218
\OT1/cmtt/m/sl/10 numberstyle=,
 []


Overfull \hbox (68.2494pt too wide) in paragraph at lines 205--218
\OT1/cmtt/m/sl/10 stepnumber=1,
 []


Overfull \hbox (73.49936pt too wide) in paragraph at lines 205--218
\OT1/cmtt/m/sl/10 numbersep=9pt,
 []


Overfull \hbox (41.99963pt too wide) in paragraph at lines 205--218
\OT1/cmtt/m/sl/10 frame=l,
 []


Overfull \hbox (68.2494pt too wide) in paragraph at lines 205--218
\OT1/cmtt/m/sl/10 framesep=3pt,
 []

\c@consigna=\count80
)
! Emergency stop.
<*> ./Algo1Macros.tex
                     
*** (job aborted, no legal \end found)

 
Here is how much of TeX's memory you used:
 178 strings out of 493333
 1507 string characters out of 3139183
 53850 words of memory out of 3000000
 3804 multiletter control sequences out of 15000+200000
 4627 words of font info for 18 fonts, out of 3000000 for 9000
 1141 hyphenation exceptions out of 8191
 14i,1n,14p,139b,113s stack positions out of 5000i,500n,10000p,200000b,50000s
!  ==> Fatal error occurred, no output PDF file produced!
